# JRE version: Java(TM) SE Runtime Environment (8.0_45-b14) (build 1.8.0_45-b14)
# Java VM: Java HotSpot(TM) Client VM (25.45-b02 mixed mode windows-x86 )
Heap:
 par new generation   total 38400K, used 261K [0x05000000, 0x079a0000, 0x0d0a0000)
  eden space 34176K,   0% used [0x05000000, 0x050416b0, 0x07160000)
  from space 4224K,   0% used [0x07160000, 0x07160000, 0x07580000)
  to   space 4224K,   0% used [0x07580000, 0x07580000, 0x079a0000)
 concurrent mark-sweep generation total 85100K, used 50732K [0x0d0a0000, 0x123bb000, 0x1d200000)
 Metaspace       used 11620K, capacity 11858K, committed 12032K, reserved 12672K
GC Heap History (10 events):
Event: 2411.275 GC heap after
Heap after GC invocations=31 (full 22):
 par new generation   total 38400K, used 0K [0x05000000, 0x079a0000, 0x0d0a0000)
  eden space 34176K,   0% used [0x05000000, 0x05000000, 0x07160000)
  from space 4224K,   0% used [0x07160000, 0x07160000, 0x07580000)
  to   space 4224K,   0% used [0x07580000, 0x07580000, 0x079a0000)
 concurrent mark-sweep generation total 85100K, used 50541K [0x0d0a0000, 0x123bb000, 0x1d200000)
 Metaspace       used 11620K, capacity 11858K, committed 12032K, reserved 12672K
}
Event: 2711.080 GC heap before
{Heap before GC invocations=31 (full 23):
 par new generation   total 38400K, used 261K [0x05000000, 0x079a0000, 0x0d0a0000)
  eden space 34176K,   0% used [0x05000000, 0x050416b0, 0x07160000)
  from space 4224K,   0% used [0x07160000, 0x07160000, 0x07580000)
  to   space 4224K,   0% used [0x07580000, 0x07580000, 0x079a0000)
 concurrent mark-sweep generation total 85100K, used 50541K [0x0d0a0000, 0x123bb000, 0x1d200000)
 Metaspace       used 11620K, capacity 11858K, committed 12032K, reserved 12672K
Event: 2711.231 GC heap after
Heap after GC invocations=32 (full 24):
 par new generation   total 38400K, used 0K [0x05000000, 0x079a0000, 0x0d0a0000)
  eden space 34176K,   0% used [0x05000000, 0x05000000, 0x07160000)
  from space 4224K,   0% used [0x07160000, 0x07160000, 0x07580000)
  to   space 4224K,   0% used [0x07580000, 0x07580000, 0x079a0000)
 concurrent mark-sweep generation total 85100K, used 50541K [0x0d0a0000, 0x123bb000, 0x1d200000)
 Metaspace       used 11620K, capacity 11858K, committed 12032K, reserved 12672K
}
Event: 3011.080 GC heap before
{Heap before GC invocations=32 (full 25):
 par new generation   total 38400K, used 261K [0x05000000, 0x079a0000, 0x0d0a0000)
  eden space 34176K,   0% used [0x05000000, 0x050416b0, 0x07160000)
  from space 4224K,   0% used [0x07160000, 0x07160000, 0x07580000)
  to   space 4224K,   0% used [0x07580000, 0x07580000, 0x079a0000)
 concurrent mark-sweep generation total 85100K, used 50541K [0x0d0a0000, 0x123bb000, 0x1d200000)
 Metaspace       used 11620K, capacity 11858K, committed 12032K, reserved 12672K
Event: 3011.276 GC heap after
Heap after GC invocations=33 (full 26):
 par new generation   total 38400K, used 0K [0x05000000, 0x079a0000, 0x0d0a0000)
  eden space 34176K,   0% used [0x05000000, 0x05000000, 0x07160000)
  from space 4224K,   0% used [0x07160000, 0x07160000, 0x07580000)
  to   space 4224K,   0% used [0x07580000, 0x07580000, 0x079a0000)
 concurrent mark-sweep generation total 85100K, used 50541K [0x0d0a0000, 0x123bb000, 0x1d200000)
 Metaspace       used 11620K, capacity 11858K, committed 12032K, reserved 12672K
}
Event: 3311.080 GC heap before
{Heap before GC invocations=33 (full 26):
 par new generation   total 38400K, used 261K [0x05000000, 0x079a0000, 0x0d0a0000)
  eden space 34176K,   0% used [0x05000000, 0x050416b0, 0x07160000)
  from space 4224K,   0% used [0x07160000, 0x07160000, 0x07580000)
  to   space 4224K,   0% used [0x07580000, 0x07580000, 0x079a0000)
 concurrent mark-sweep generation total 85100K, used 50541K [0x0d0a0000, 0x123bb000, 0x1d200000)
 Metaspace       used 11620K, capacity 11858K, committed 12032K, reserved 12672K
Event: 3311.219 GC heap after
Heap after GC invocations=34 (full 27):
 par new generation   total 38400K, used 0K [0x05000000, 0x079a0000, 0x0d0a0000)
  eden space 34176K,   0% used [0x05000000, 0x05000000, 0x07160000)
  from space 4224K,   0% used [0x07160000, 0x07160000, 0x07580000)
  to   space 4224K,   0% used [0x07580000, 0x07580000, 0x079a0000)
 concurrent mark-sweep generation total 85100K, used 50541K [0x0d0a0000, 0x123bb000, 0x1d200000)
 Metaspace       used 11620K, capacity 11858K, committed 12032K, reserved 12672K
}
Event: 3611.079 GC heap before
{Heap before GC invocations=34 (full 28):
 par new generation   total 38400K, used 2176K [0x05000000, 0x079a0000, 0x0d0a0000)
  eden space 34176K,   6% used [0x05000000, 0x05220338, 0x07160000)
  from space 4224K,   0% used [0x07160000, 0x07160000, 0x07580000)
  to   space 4224K,   0% used [0x07580000, 0x07580000, 0x079a0000)
 concurrent mark-sweep generation total 85100K, used 50535K [0x0d0a0000, 0x123bb000, 0x1d200000)
 Metaspace       used 11620K, capacity 11858K, committed 12032K, reserved 12672K
Event: 3611.250 GC heap after
Heap after GC invocations=35 (full 29):
 par new generation   total 38400K, used 0K [0x05000000, 0x079a0000, 0x0d0a0000)
  eden space 34176K,   0% used [0x05000000, 0x05000000, 0x07160000)
  from space 4224K,   0% used [0x07160000, 0x07160000, 0x07580000)
  to   space 4224K,   0% used [0x07580000, 0x07580000, 0x079a0000)
 concurrent mark-sweep generation total 85100K, used 50732K [0x0d0a0000, 0x123bb000, 0x1d200000)
 Metaspace       used 11620K, capacity 11858K, committed 12032K, reserved 12672K
}
Event: 3911.080 GC heap before
{Heap before GC invocations=35 (full 30):
 par new generation   total 38400K, used 261K [0x05000000, 0x079a0000, 0x0d0a0000)
  eden space 34176K,   0% used [0x05000000, 0x050416b0, 0x07160000)
  from space 4224K,   0% used [0x07160000, 0x07160000, 0x07580000)
  to   space 4224K,   0% used [0x07580000, 0x07580000, 0x079a0000)
 concurrent mark-sweep generation total 85100K, used 50732K [0x0d0a0000, 0x123bb000, 0x1d200000)
 Metaspace       used 11620K, capacity 11858K, committed 12032K, reserved 12672K

